Дата вызова функции - 24.11.2023 года, время 05:55:01
 имя функции - hello_world
 аргументы функции - ((), {})
 значение функции - Hello World

Дата вызова функции - 24.11.2023 года, время 05:55:01
 имя функции - summator
 аргументы функции - ((2, 2), {})
 значение функции - 4

Дата вызова функции - 24.11.2023 года, время 05:55:01
 имя функции - div
 аргументы функции - ((6, 2), {})
 значение функции - 3.0

Дата вызова функции - 24.11.2023 года, время 05:55:01
 имя функции - summator
 аргументы функции - ((4.3,), {'b': 2.2})
 значение функции - 6.5

Дата вызова функции - 24.11.2023 года, время 05:55:01
 имя функции - summator
 аргументы функции - ((), {'a': 0, 'b': 0})
 значение функции - 0

